2021-05-10T10:00:40+00:00 CRITICAL Uncaught Error: Call to a member function is_type() on null in /var/www/html/wordpress/wp-content/themes/storecommerce/inc/woocommerce.php:667
Stack trace:
#0 /var/www/html/wordpress/wp-includes/class-wp-hook.php(292): storecommerce_add_to_cart_text()
#1 /var/www/html/wordpress/wp-includes/plugin.php(212): WP_Hook->apply_filters()
#2 /var/www/html/wordpress/wp-content/plugins/woocommerce/includes/class-wc-product-simple.php(62): apply_filters()
#3 /var/www/html/wordpress/wp-content/plugins/woocommerce/packages/woocommerce-blocks/src/BlockTypes/AbstractProductGrid.php(465): WC_Product_Simple->add_to_cart_text()
#4 /var/www/html/wordpress/wp-content/plugins/woocommerce/packages/woocommerce-blocks/src/BlockTypes/AbstractProductGrid.php(438): Automattic\WooCommerce\Blocks\BlockTypes\AbstractProductGrid->get_add_to_cart()
#5 /var/www/html/wordpress/wp-content/plugins/woocommerce/packages/woocommerce-blocks/src/BlockTypes/AbstractProductGrid.php(325): Automattic\WooCommerce\Blocks\BlockTypes\AbstractProductGrid->ge en /var/www/html/wordpress/wp-content/themes/storecommerce/inc/woocommerce.php en la línea 667

2021-05-10T10:01:59+00:00 CRITICAL Uncaught Error: Call to a member function is_type() on null in /var/www/html/wordpress/wp-content/themes/storecommerce/inc/woocommerce.php:667
Stack trace:
#0 /var/www/html/wordpress/wp-includes/class-wp-hook.php(292): storecommerce_add_to_cart_text()
#1 /var/www/html/wordpress/wp-includes/plugin.php(212): WP_Hook->apply_filters()
#2 /var/www/html/wordpress/wp-content/plugins/woocommerce/includes/class-wc-product-simple.php(62): apply_filters()
#3 /var/www/html/wordpress/wp-content/plugins/woocommerce/packages/woocommerce-blocks/src/BlockTypes/AbstractProductGrid.php(465): WC_Product_Simple->add_to_cart_text()
#4 /var/www/html/wordpress/wp-content/plugins/woocommerce/packages/woocommerce-blocks/src/BlockTypes/AbstractProductGrid.php(438): Automattic\WooCommerce\Blocks\BlockTypes\AbstractProductGrid->get_add_to_cart()
#5 /var/www/html/wordpress/wp-content/plugins/woocommerce/packages/woocommerce-blocks/src/BlockTypes/AbstractProductGrid.php(325): Automattic\WooCommerce\Blocks\BlockTypes\AbstractProductGrid->ge en /var/www/html/wordpress/wp-content/themes/storecommerce/inc/woocommerce.php en la línea 667

2021-05-10T10:02:04+00:00 CRITICAL Uncaught Error: Call to a member function is_type() on null in /var/www/html/wordpress/wp-content/themes/storecommerce/inc/woocommerce.php:667
Stack trace:
#0 /var/www/html/wordpress/wp-includes/class-wp-hook.php(292): storecommerce_add_to_cart_text()
#1 /var/www/html/wordpress/wp-includes/plugin.php(212): WP_Hook->apply_filters()
#2 /var/www/html/wordpress/wp-content/plugins/woocommerce/includes/class-wc-product-simple.php(62): apply_filters()
#3 /var/www/html/wordpress/wp-content/plugins/woocommerce/packages/woocommerce-blocks/src/BlockTypes/AbstractProductGrid.php(465): WC_Product_Simple->add_to_cart_text()
#4 /var/www/html/wordpress/wp-content/plugins/woocommerce/packages/woocommerce-blocks/src/BlockTypes/AbstractProductGrid.php(438): Automattic\WooCommerce\Blocks\BlockTypes\AbstractProductGrid->get_add_to_cart()
#5 /var/www/html/wordpress/wp-content/plugins/woocommerce/packages/woocommerce-blocks/src/BlockTypes/AbstractProductGrid.php(325): Automattic\WooCommerce\Blocks\BlockTypes\AbstractProductGrid->ge en /var/www/html/wordpress/wp-content/themes/storecommerce/inc/woocommerce.php en la línea 667

2021-05-10T10:02:20+00:00 CRITICAL Uncaught Error: Call to a member function is_type() on null in /var/www/html/wordpress/wp-content/themes/storecommerce/inc/woocommerce.php:667
Stack trace:
#0 /var/www/html/wordpress/wp-includes/class-wp-hook.php(292): storecommerce_add_to_cart_text()
#1 /var/www/html/wordpress/wp-includes/plugin.php(212): WP_Hook->apply_filters()
#2 /var/www/html/wordpress/wp-content/plugins/woocommerce/includes/class-wc-product-simple.php(62): apply_filters()
#3 /var/www/html/wordpress/wp-content/plugins/woocommerce/packages/woocommerce-blocks/src/BlockTypes/AbstractProductGrid.php(465): WC_Product_Simple->add_to_cart_text()
#4 /var/www/html/wordpress/wp-content/plugins/woocommerce/packages/woocommerce-blocks/src/BlockTypes/AbstractProductGrid.php(438): Automattic\WooCommerce\Blocks\BlockTypes\AbstractProductGrid->get_add_to_cart()
#5 /var/www/html/wordpress/wp-content/plugins/woocommerce/packages/woocommerce-blocks/src/BlockTypes/AbstractProductGrid.php(325): Automattic\WooCommerce\Blocks\BlockTypes\AbstractProductGrid->ge en /var/www/html/wordpress/wp-content/themes/storecommerce/inc/woocommerce.php en la línea 667

2021-05-10T10:03:18+00:00 CRITICAL Uncaught Error: Call to a member function is_type() on null in /var/www/html/wordpress/wp-content/themes/storecommerce/inc/woocommerce.php:667
Stack trace:
#0 /var/www/html/wordpress/wp-includes/class-wp-hook.php(292): storecommerce_add_to_cart_text()
#1 /var/www/html/wordpress/wp-includes/plugin.php(212): WP_Hook->apply_filters()
#2 /var/www/html/wordpress/wp-content/plugins/woocommerce/includes/class-wc-product-simple.php(62): apply_filters()
#3 /var/www/html/wordpress/wp-content/plugins/woocommerce/packages/woocommerce-blocks/src/BlockTypes/AbstractProductGrid.php(465): WC_Product_Simple->add_to_cart_text()
#4 /var/www/html/wordpress/wp-content/plugins/woocommerce/packages/woocommerce-blocks/src/BlockTypes/AbstractProductGrid.php(438): Automattic\WooCommerce\Blocks\BlockTypes\AbstractProductGrid->get_add_to_cart()
#5 /var/www/html/wordpress/wp-content/plugins/woocommerce/packages/woocommerce-blocks/src/BlockTypes/AbstractProductGrid.php(325): Automattic\WooCommerce\Blocks\BlockTypes\AbstractProductGrid->ge en /var/www/html/wordpress/wp-content/themes/storecommerce/inc/woocommerce.php en la línea 667

2021-05-10T10:05:20+00:00 CRITICAL Uncaught Error: Call to a member function is_type() on null in /var/www/html/wordpress/wp-content/themes/storecommerce/inc/woocommerce.php:667
Stack trace:
#0 /var/www/html/wordpress/wp-includes/class-wp-hook.php(292): storecommerce_add_to_cart_text()
#1 /var/www/html/wordpress/wp-includes/plugin.php(212): WP_Hook->apply_filters()
#2 /var/www/html/wordpress/wp-content/plugins/woocommerce/includes/class-wc-product-simple.php(62): apply_filters()
#3 /var/www/html/wordpress/wp-content/plugins/woocommerce/packages/woocommerce-blocks/src/BlockTypes/AbstractProductGrid.php(465): WC_Product_Simple->add_to_cart_text()
#4 /var/www/html/wordpress/wp-content/plugins/woocommerce/packages/woocommerce-blocks/src/BlockTypes/AbstractProductGrid.php(438): Automattic\WooCommerce\Blocks\BlockTypes\AbstractProductGrid->get_add_to_cart()
#5 /var/www/html/wordpress/wp-content/plugins/woocommerce/packages/woocommerce-blocks/src/BlockTypes/AbstractProductGrid.php(325): Automattic\WooCommerce\Blocks\BlockTypes\AbstractProductGrid->ge en /var/www/html/wordpress/wp-content/themes/storecommerce/inc/woocommerce.php en la línea 667

2021-05-10T11:32:20+00:00 CRITICAL Uncaught Error: Call to a member function is_type() on null in /var/www/html/wordpress/wp-content/themes/storecommerce/inc/woocommerce.php:667
Stack trace:
#0 /var/www/html/wordpress/wp-includes/class-wp-hook.php(292): storecommerce_add_to_cart_text()
#1 /var/www/html/wordpress/wp-includes/plugin.php(212): WP_Hook->apply_filters()
#2 /var/www/html/wordpress/wp-content/plugins/woocommerce/includes/class-wc-product-simple.php(62): apply_filters()
#3 /var/www/html/wordpress/wp-content/plugins/woocommerce/packages/woocommerce-blocks/src/BlockTypes/AbstractProductGrid.php(465): WC_Product_Simple->add_to_cart_text()
#4 /var/www/html/wordpress/wp-content/plugins/woocommerce/packages/woocommerce-blocks/src/BlockTypes/AbstractProductGrid.php(438): Automattic\WooCommerce\Blocks\BlockTypes\AbstractProductGrid->get_add_to_cart()
#5 /var/www/html/wordpress/wp-content/plugins/woocommerce/packages/woocommerce-blocks/src/BlockTypes/AbstractProductGrid.php(325): Automattic\WooCommerce\Blocks\BlockTypes\AbstractProductGrid->ge en /var/www/html/wordpress/wp-content/themes/storecommerce/inc/woocommerce.php en la línea 667

