2021-06-06T00:05:45+00:00 CRITICAL Uncaught Error: Call to a member function is_type() on null in C:\xampp\htdocs\wordpress_prueba\wordpress\wp-content\themes\storecommerce\inc\woocommerce.php:667
Stack trace:
#0 C:\xampp\htdocs\wordpress_prueba\wordpress\wp-includes\class-wp-hook.php(292): storecommerce_add_to_cart_text('A\xC3\xB1adir al carr...', Object(WC_Product_Simple))
#1 C:\xampp\htdocs\wordpress_prueba\wordpress\wp-includes\plugin.php(212): WP_Hook->apply_filters('A\xC3\xB1adir al carr...', Array)
#2 C:\xampp\htdocs\wordpress_prueba\wordpress\wp-content\plugins\woocommerce\includes\class-wc-product-simple.php(62): apply_filters('woocommerce_pro...', 'A\xC3\xB1adir al carr...', Object(WC_Product_Simple))
#3 C:\xampp\htdocs\wordpress_prueba\wordpress\wp-content\plugins\woocommerce\packages\woocommerce-blocks\src\StoreApi\Schemas\ProductSchema.php(460): WC_Product_Simple->add_to_cart_text()
#4 [internal function]: Automattic\WooCommerce\Blocks\StoreApi\Schemas\ProductSchema->get_item_response(Object(WC_Product_Simple))
#5 C:\xampp\htdocs\ en C:\xampp\htdocs\wordpress_prueba\wordpress\wp-content\themes\storecommerce\inc\woocommerce.php en la línea 667

2021-06-06T00:46:59+00:00 CRITICAL Uncaught Error: Call to a member function is_type() on null in C:\xampp\htdocs\wordpress_prueba\wordpress\wp-content\themes\storecommerce\inc\woocommerce.php:667
Stack trace:
#0 C:\xampp\htdocs\wordpress_prueba\wordpress\wp-includes\class-wp-hook.php(292): storecommerce_add_to_cart_text('A\xC3\xB1adir al carr...', Object(WC_Product_Simple))
#1 C:\xampp\htdocs\wordpress_prueba\wordpress\wp-includes\plugin.php(212): WP_Hook->apply_filters('A\xC3\xB1adir al carr...', Array)
#2 C:\xampp\htdocs\wordpress_prueba\wordpress\wp-content\plugins\woocommerce\includes\class-wc-product-simple.php(62): apply_filters('woocommerce_pro...', 'A\xC3\xB1adir al carr...', Object(WC_Product_Simple))
#3 C:\xampp\htdocs\wordpress_prueba\wordpress\wp-content\plugins\woocommerce\packages\woocommerce-blocks\src\StoreApi\Schemas\ProductSchema.php(460): WC_Product_Simple->add_to_cart_text()
#4 [internal function]: Automattic\WooCommerce\Blocks\StoreApi\Schemas\ProductSchema->get_item_response(Object(WC_Product_Simple))
#5 C:\xampp\htdocs\ en C:\xampp\htdocs\wordpress_prueba\wordpress\wp-content\themes\storecommerce\inc\woocommerce.php en la línea 667

2021-06-06T00:47:49+00:00 CRITICAL Uncaught Error: Call to a member function is_type() on null in C:\xampp\htdocs\wordpress_prueba\wordpress\wp-content\themes\storecommerce\inc\woocommerce.php:667
Stack trace:
#0 C:\xampp\htdocs\wordpress_prueba\wordpress\wp-includes\class-wp-hook.php(292): storecommerce_add_to_cart_text('A\xC3\xB1adir al carr...', Object(WC_Product_Simple))
#1 C:\xampp\htdocs\wordpress_prueba\wordpress\wp-includes\plugin.php(212): WP_Hook->apply_filters('A\xC3\xB1adir al carr...', Array)
#2 C:\xampp\htdocs\wordpress_prueba\wordpress\wp-content\plugins\woocommerce\includes\class-wc-product-simple.php(62): apply_filters('woocommerce_pro...', 'A\xC3\xB1adir al carr...', Object(WC_Product_Simple))
#3 C:\xampp\htdocs\wordpress_prueba\wordpress\wp-content\plugins\woocommerce\packages\woocommerce-blocks\src\StoreApi\Schemas\ProductSchema.php(460): WC_Product_Simple->add_to_cart_text()
#4 [internal function]: Automattic\WooCommerce\Blocks\StoreApi\Schemas\ProductSchema->get_item_response(Object(WC_Product_Simple))
#5 C:\xampp\htdocs\ en C:\xampp\htdocs\wordpress_prueba\wordpress\wp-content\themes\storecommerce\inc\woocommerce.php en la línea 667

2021-06-06T14:21:59+00:00 CRITICAL Uncaught Error: Call to a member function is_type() on null in C:\xampp\htdocs\wordpress_prueba\wordpress\wp-content\themes\storecommerce\inc\woocommerce.php:667
Stack trace:
#0 C:\xampp\htdocs\wordpress_prueba\wordpress\wp-includes\class-wp-hook.php(292): storecommerce_add_to_cart_text('A\xC3\xB1adir al carr...', Object(WC_Product_Simple))
#1 C:\xampp\htdocs\wordpress_prueba\wordpress\wp-includes\plugin.php(212): WP_Hook->apply_filters('A\xC3\xB1adir al carr...', Array)
#2 C:\xampp\htdocs\wordpress_prueba\wordpress\wp-content\plugins\woocommerce\includes\class-wc-product-simple.php(62): apply_filters('woocommerce_pro...', 'A\xC3\xB1adir al carr...', Object(WC_Product_Simple))
#3 C:\xampp\htdocs\wordpress_prueba\wordpress\wp-content\plugins\woocommerce\packages\woocommerce-blocks\src\StoreApi\Schemas\ProductSchema.php(460): WC_Product_Simple->add_to_cart_text()
#4 [internal function]: Automattic\WooCommerce\Blocks\StoreApi\Schemas\ProductSchema->get_item_response(Object(WC_Product_Simple))
#5 C:\xampp\htdocs\ en C:\xampp\htdocs\wordpress_prueba\wordpress\wp-content\themes\storecommerce\inc\woocommerce.php en la línea 667

2021-06-06T14:24:55+00:00 CRITICAL Uncaught Error: Call to a member function is_type() on null in C:\xampp\htdocs\wordpress_prueba\wordpress\wp-content\themes\storecommerce\inc\woocommerce.php:667
Stack trace:
#0 C:\xampp\htdocs\wordpress_prueba\wordpress\wp-includes\class-wp-hook.php(292): storecommerce_add_to_cart_text('A\xC3\xB1adir al carr...', Object(WC_Product_Simple))
#1 C:\xampp\htdocs\wordpress_prueba\wordpress\wp-includes\plugin.php(212): WP_Hook->apply_filters('A\xC3\xB1adir al carr...', Array)
#2 C:\xampp\htdocs\wordpress_prueba\wordpress\wp-content\plugins\woocommerce\includes\class-wc-product-simple.php(62): apply_filters('woocommerce_pro...', 'A\xC3\xB1adir al carr...', Object(WC_Product_Simple))
#3 C:\xampp\htdocs\wordpress_prueba\wordpress\wp-content\plugins\woocommerce\packages\woocommerce-blocks\src\StoreApi\Schemas\ProductSchema.php(460): WC_Product_Simple->add_to_cart_text()
#4 [internal function]: Automattic\WooCommerce\Blocks\StoreApi\Schemas\ProductSchema->get_item_response(Object(WC_Product_Simple))
#5 C:\xampp\htdocs\ en C:\xampp\htdocs\wordpress_prueba\wordpress\wp-content\themes\storecommerce\inc\woocommerce.php en la línea 667

2021-06-06T14:25:51+00:00 CRITICAL Uncaught Error: Call to a member function is_type() on null in C:\xampp\htdocs\wordpress_prueba\wordpress\wp-content\themes\storecommerce\inc\woocommerce.php:667
Stack trace:
#0 C:\xampp\htdocs\wordpress_prueba\wordpress\wp-includes\class-wp-hook.php(292): storecommerce_add_to_cart_text('A\xC3\xB1adir al carr...', Object(WC_Product_Simple))
#1 C:\xampp\htdocs\wordpress_prueba\wordpress\wp-includes\plugin.php(212): WP_Hook->apply_filters('A\xC3\xB1adir al carr...', Array)
#2 C:\xampp\htdocs\wordpress_prueba\wordpress\wp-content\plugins\woocommerce\includes\class-wc-product-simple.php(62): apply_filters('woocommerce_pro...', 'A\xC3\xB1adir al carr...', Object(WC_Product_Simple))
#3 C:\xampp\htdocs\wordpress_prueba\wordpress\wp-content\plugins\woocommerce\packages\woocommerce-blocks\src\StoreApi\Schemas\ProductSchema.php(460): WC_Product_Simple->add_to_cart_text()
#4 [internal function]: Automattic\WooCommerce\Blocks\StoreApi\Schemas\ProductSchema->get_item_response(Object(WC_Product_Simple))
#5 C:\xampp\htdocs\ en C:\xampp\htdocs\wordpress_prueba\wordpress\wp-content\themes\storecommerce\inc\woocommerce.php en la línea 667

2021-06-06T15:05:09+00:00 CRITICAL Uncaught Error: Call to a member function is_type() on null in C:\xampp\htdocs\wordpress_prueba\wordpress\wp-content\themes\storecommerce\inc\woocommerce.php:667
Stack trace:
#0 C:\xampp\htdocs\wordpress_prueba\wordpress\wp-includes\class-wp-hook.php(292): storecommerce_add_to_cart_text('A\xC3\xB1adir al carr...', Object(WC_Product_Simple))
#1 C:\xampp\htdocs\wordpress_prueba\wordpress\wp-includes\plugin.php(212): WP_Hook->apply_filters('A\xC3\xB1adir al carr...', Array)
#2 C:\xampp\htdocs\wordpress_prueba\wordpress\wp-content\plugins\woocommerce\includes\class-wc-product-simple.php(62): apply_filters('woocommerce_pro...', 'A\xC3\xB1adir al carr...', Object(WC_Product_Simple))
#3 C:\xampp\htdocs\wordpress_prueba\wordpress\wp-content\plugins\woocommerce\packages\woocommerce-blocks\src\StoreApi\Schemas\ProductSchema.php(460): WC_Product_Simple->add_to_cart_text()
#4 [internal function]: Automattic\WooCommerce\Blocks\StoreApi\Schemas\ProductSchema->get_item_response(Object(WC_Product_Simple))
#5 C:\xampp\htdocs\ en C:\xampp\htdocs\wordpress_prueba\wordpress\wp-content\themes\storecommerce\inc\woocommerce.php en la línea 667

2021-06-06T15:08:50+00:00 CRITICAL Uncaught Error: Call to a member function is_type() on null in C:\xampp\htdocs\wordpress_prueba\wordpress\wp-content\themes\storecommerce\inc\woocommerce.php:667
Stack trace:
#0 C:\xampp\htdocs\wordpress_prueba\wordpress\wp-includes\class-wp-hook.php(292): storecommerce_add_to_cart_text('A\xC3\xB1adir al carr...', Object(WC_Product_Simple))
#1 C:\xampp\htdocs\wordpress_prueba\wordpress\wp-includes\plugin.php(212): WP_Hook->apply_filters('A\xC3\xB1adir al carr...', Array)
#2 C:\xampp\htdocs\wordpress_prueba\wordpress\wp-content\plugins\woocommerce\includes\class-wc-product-simple.php(62): apply_filters('woocommerce_pro...', 'A\xC3\xB1adir al carr...', Object(WC_Product_Simple))
#3 C:\xampp\htdocs\wordpress_prueba\wordpress\wp-content\plugins\woocommerce\packages\woocommerce-blocks\src\StoreApi\Schemas\ProductSchema.php(460): WC_Product_Simple->add_to_cart_text()
#4 [internal function]: Automattic\WooCommerce\Blocks\StoreApi\Schemas\ProductSchema->get_item_response(Object(WC_Product_Simple))
#5 C:\xampp\htdocs\ en C:\xampp\htdocs\wordpress_prueba\wordpress\wp-content\themes\storecommerce\inc\woocommerce.php en la línea 667

2021-06-06T15:09:18+00:00 CRITICAL Uncaught Error: Call to a member function is_type() on null in C:\xampp\htdocs\wordpress_prueba\wordpress\wp-content\themes\storecommerce\inc\woocommerce.php:667
Stack trace:
#0 C:\xampp\htdocs\wordpress_prueba\wordpress\wp-includes\class-wp-hook.php(292): storecommerce_add_to_cart_text('A\xC3\xB1adir al carr...', Object(WC_Product_Simple))
#1 C:\xampp\htdocs\wordpress_prueba\wordpress\wp-includes\plugin.php(212): WP_Hook->apply_filters('A\xC3\xB1adir al carr...', Array)
#2 C:\xampp\htdocs\wordpress_prueba\wordpress\wp-content\plugins\woocommerce\includes\class-wc-product-simple.php(62): apply_filters('woocommerce_pro...', 'A\xC3\xB1adir al carr...', Object(WC_Product_Simple))
#3 C:\xampp\htdocs\wordpress_prueba\wordpress\wp-content\plugins\woocommerce\packages\woocommerce-blocks\src\StoreApi\Schemas\ProductSchema.php(460): WC_Product_Simple->add_to_cart_text()
#4 [internal function]: Automattic\WooCommerce\Blocks\StoreApi\Schemas\ProductSchema->get_item_response(Object(WC_Product_Simple))
#5 C:\xampp\htdocs\ en C:\xampp\htdocs\wordpress_prueba\wordpress\wp-content\themes\storecommerce\inc\woocommerce.php en la línea 667

2021-06-06T15:14:16+00:00 CRITICAL Uncaught Error: Call to a member function is_type() on null in C:\xampp\htdocs\wordpress_prueba\wordpress\wp-content\themes\storecommerce\inc\woocommerce.php:667
Stack trace:
#0 C:\xampp\htdocs\wordpress_prueba\wordpress\wp-includes\class-wp-hook.php(292): storecommerce_add_to_cart_text('A\xC3\xB1adir al carr...', Object(WC_Product_Simple))
#1 C:\xampp\htdocs\wordpress_prueba\wordpress\wp-includes\plugin.php(212): WP_Hook->apply_filters('A\xC3\xB1adir al carr...', Array)
#2 C:\xampp\htdocs\wordpress_prueba\wordpress\wp-content\plugins\woocommerce\includes\class-wc-product-simple.php(62): apply_filters('woocommerce_pro...', 'A\xC3\xB1adir al carr...', Object(WC_Product_Simple))
#3 C:\xampp\htdocs\wordpress_prueba\wordpress\wp-content\plugins\woocommerce\packages\woocommerce-blocks\src\StoreApi\Schemas\ProductSchema.php(460): WC_Product_Simple->add_to_cart_text()
#4 [internal function]: Automattic\WooCommerce\Blocks\StoreApi\Schemas\ProductSchema->get_item_response(Object(WC_Product_Simple))
#5 C:\xampp\htdocs\ en C:\xampp\htdocs\wordpress_prueba\wordpress\wp-content\themes\storecommerce\inc\woocommerce.php en la línea 667

2021-06-06T15:17:04+00:00 CRITICAL Uncaught Error: Call to a member function is_type() on null in C:\xampp\htdocs\wordpress_prueba\wordpress\wp-content\themes\storecommerce\inc\woocommerce.php:667
Stack trace:
#0 C:\xampp\htdocs\wordpress_prueba\wordpress\wp-includes\class-wp-hook.php(292): storecommerce_add_to_cart_text('A\xC3\xB1adir al carr...', Object(WC_Product_Simple))
#1 C:\xampp\htdocs\wordpress_prueba\wordpress\wp-includes\plugin.php(212): WP_Hook->apply_filters('A\xC3\xB1adir al carr...', Array)
#2 C:\xampp\htdocs\wordpress_prueba\wordpress\wp-content\plugins\woocommerce\includes\class-wc-product-simple.php(62): apply_filters('woocommerce_pro...', 'A\xC3\xB1adir al carr...', Object(WC_Product_Simple))
#3 C:\xampp\htdocs\wordpress_prueba\wordpress\wp-content\plugins\woocommerce\packages\woocommerce-blocks\src\StoreApi\Schemas\ProductSchema.php(460): WC_Product_Simple->add_to_cart_text()
#4 [internal function]: Automattic\WooCommerce\Blocks\StoreApi\Schemas\ProductSchema->get_item_response(Object(WC_Product_Simple))
#5 C:\xampp\htdocs\ en C:\xampp\htdocs\wordpress_prueba\wordpress\wp-content\themes\storecommerce\inc\woocommerce.php en la línea 667

2021-06-06T15:18:15+00:00 CRITICAL Uncaught Error: Call to a member function is_type() on null in C:\xampp\htdocs\wordpress_prueba\wordpress\wp-content\themes\storecommerce\inc\woocommerce.php:667
Stack trace:
#0 C:\xampp\htdocs\wordpress_prueba\wordpress\wp-includes\class-wp-hook.php(292): storecommerce_add_to_cart_text('A\xC3\xB1adir al carr...', Object(WC_Product_Simple))
#1 C:\xampp\htdocs\wordpress_prueba\wordpress\wp-includes\plugin.php(212): WP_Hook->apply_filters('A\xC3\xB1adir al carr...', Array)
#2 C:\xampp\htdocs\wordpress_prueba\wordpress\wp-content\plugins\woocommerce\includes\class-wc-product-simple.php(62): apply_filters('woocommerce_pro...', 'A\xC3\xB1adir al carr...', Object(WC_Product_Simple))
#3 C:\xampp\htdocs\wordpress_prueba\wordpress\wp-content\plugins\woocommerce\packages\woocommerce-blocks\src\StoreApi\Schemas\ProductSchema.php(460): WC_Product_Simple->add_to_cart_text()
#4 [internal function]: Automattic\WooCommerce\Blocks\StoreApi\Schemas\ProductSchema->get_item_response(Object(WC_Product_Simple))
#5 C:\xampp\htdocs\ en C:\xampp\htdocs\wordpress_prueba\wordpress\wp-content\themes\storecommerce\inc\woocommerce.php en la línea 667

2021-06-06T15:18:21+00:00 CRITICAL Uncaught Error: Call to a member function is_type() on null in C:\xampp\htdocs\wordpress_prueba\wordpress\wp-content\themes\storecommerce\inc\woocommerce.php:667
Stack trace:
#0 C:\xampp\htdocs\wordpress_prueba\wordpress\wp-includes\class-wp-hook.php(292): storecommerce_add_to_cart_text('A\xC3\xB1adir al carr...', Object(WC_Product_Simple))
#1 C:\xampp\htdocs\wordpress_prueba\wordpress\wp-includes\plugin.php(212): WP_Hook->apply_filters('A\xC3\xB1adir al carr...', Array)
#2 C:\xampp\htdocs\wordpress_prueba\wordpress\wp-content\plugins\woocommerce\includes\class-wc-product-simple.php(62): apply_filters('woocommerce_pro...', 'A\xC3\xB1adir al carr...', Object(WC_Product_Simple))
#3 C:\xampp\htdocs\wordpress_prueba\wordpress\wp-content\plugins\woocommerce\packages\woocommerce-blocks\src\StoreApi\Schemas\ProductSchema.php(460): WC_Product_Simple->add_to_cart_text()
#4 [internal function]: Automattic\WooCommerce\Blocks\StoreApi\Schemas\ProductSchema->get_item_response(Object(WC_Product_Simple))
#5 C:\xampp\htdocs\ en C:\xampp\htdocs\wordpress_prueba\wordpress\wp-content\themes\storecommerce\inc\woocommerce.php en la línea 667

2021-06-06T15:18:38+00:00 CRITICAL Uncaught Error: Call to a member function is_type() on null in C:\xampp\htdocs\wordpress_prueba\wordpress\wp-content\themes\storecommerce\inc\woocommerce.php:667
Stack trace:
#0 C:\xampp\htdocs\wordpress_prueba\wordpress\wp-includes\class-wp-hook.php(292): storecommerce_add_to_cart_text('A\xC3\xB1adir al carr...', Object(WC_Product_Simple))
#1 C:\xampp\htdocs\wordpress_prueba\wordpress\wp-includes\plugin.php(212): WP_Hook->apply_filters('A\xC3\xB1adir al carr...', Array)
#2 C:\xampp\htdocs\wordpress_prueba\wordpress\wp-content\plugins\woocommerce\includes\class-wc-product-simple.php(62): apply_filters('woocommerce_pro...', 'A\xC3\xB1adir al carr...', Object(WC_Product_Simple))
#3 C:\xampp\htdocs\wordpress_prueba\wordpress\wp-content\plugins\woocommerce\packages\woocommerce-blocks\src\StoreApi\Schemas\ProductSchema.php(460): WC_Product_Simple->add_to_cart_text()
#4 [internal function]: Automattic\WooCommerce\Blocks\StoreApi\Schemas\ProductSchema->get_item_response(Object(WC_Product_Simple))
#5 C:\xampp\htdocs\ en C:\xampp\htdocs\wordpress_prueba\wordpress\wp-content\themes\storecommerce\inc\woocommerce.php en la línea 667

2021-06-06T15:22:58+00:00 CRITICAL Uncaught Error: Call to a member function is_type() on null in C:\xampp\htdocs\wordpress_prueba\wordpress\wp-content\themes\storecommerce\inc\woocommerce.php:667
Stack trace:
#0 C:\xampp\htdocs\wordpress_prueba\wordpress\wp-includes\class-wp-hook.php(292): storecommerce_add_to_cart_text('A\xC3\xB1adir al carr...', Object(WC_Product_Simple))
#1 C:\xampp\htdocs\wordpress_prueba\wordpress\wp-includes\plugin.php(212): WP_Hook->apply_filters('A\xC3\xB1adir al carr...', Array)
#2 C:\xampp\htdocs\wordpress_prueba\wordpress\wp-content\plugins\woocommerce\includes\class-wc-product-simple.php(62): apply_filters('woocommerce_pro...', 'A\xC3\xB1adir al carr...', Object(WC_Product_Simple))
#3 C:\xampp\htdocs\wordpress_prueba\wordpress\wp-content\plugins\woocommerce\packages\woocommerce-blocks\src\StoreApi\Schemas\ProductSchema.php(460): WC_Product_Simple->add_to_cart_text()
#4 [internal function]: Automattic\WooCommerce\Blocks\StoreApi\Schemas\ProductSchema->get_item_response(Object(WC_Product_Simple))
#5 C:\xampp\htdocs\ en C:\xampp\htdocs\wordpress_prueba\wordpress\wp-content\themes\storecommerce\inc\woocommerce.php en la línea 667

